[Error: Unable to load shared library /home/rich/dev/a2c/node_modules/restify/node_modules/dtrace-provider/DTraceProviderBindings.node]
{ options: 
   { consumer_key: 'E78MKUhIQbnzEHQY4qIecA',
     consumer_secret: 'R6q7I6utFY3U6nOSEdr5IWzYoW1PFawSL0chZnZNkw',
     access_token_key: '892607503-V9ydgmAqEYgKf97L3tevCt0DKquL5oUv1tUKxNlJ',
     access_token_secret: 'HL30PhBWNea8RpvcziPYBvaehMMaBuLjEkck3LQL1E',
     headers: 
      { Accept: '*/*',
        Connection: 'close',
        'User-Agent': 'node-twitter/0.1.18' },
     request_token_url: 'https://api.twitter.com/oauth/request_token',
     access_token_url: 'https://api.twitter.com/oauth/access_token',
     authenticate_url: 'https://api.twitter.com/oauth/authenticate',
     authorize_url: 'https://api.twitter.com/oauth/authorize',
     callback_url: null,
     rest_base: 'https://api.twitter.com/1',
     search_base: 'https://search.twitter.com',
     stream_base: 'https://stream.twitter.com/1',
     user_stream_base: 'https://userstream.twitter.com/2',
     site_stream_base: 'https://sitestream.twitter.com/2b',
     secure: false,
     cookie: 'twauth',
     cookie_options: {},
     cookie_secret: null },
  keygrip: null,
  oauth: 
   { _isEcho: false,
     _requestUrl: 'https://api.twitter.com/oauth/request_token',
     _accessUrl: 'https://api.twitter.com/oauth/access_token',
     _consumerKey: 'E78MKUhIQbnzEHQY4qIecA',
     _consumerSecret: 'R6q7I6utFY3U6nOSEdr5IWzYoW1PFawSL0chZnZNkw',
     _version: '1.0A',
     _authorize_callback: null,
     _signatureMethod: 'HMAC-SHA1',
     _nonceSize: 32,
     _headers: 
      { Accept: '*/*',
        Connection: 'close',
        'User-Agent': 'node-twitter/0.1.18' },
     _defaultClientOptions: 
      { requestTokenHttpMethod: 'POST',
        accessTokenHttpMethod: 'POST' },
     _clientOptions: 
      { requestTokenHttpMethod: 'POST',
        accessTokenHttpMethod: 'POST' },
     _oauthParameterSeperator: ',' } }
--->Stream data: {"friends":[500042487,158414847,234907934,15407095,15350865,1183041,8612,10228272,14520985,14073993,16825289,11517,14339231,74783,501853290,15202845,14321959,50653396,133005951,14323985,75974281,18619979,180505807]}
