[Error: /home/rich/dev/a2c/node_modules/restify/node_modules/dtrace-provider/DTraceProviderBindings.node: invalid ELF header]
-->lookup: http://www.youtube.com/watch?v=SvksV-uyM28
-->not not shortened: 11 -1
resolved url: http://www.youtube.com/watch?v=SvksV-uyM28
video id: SvksV-uyM28
youtube get video info: SvksV-uyM28
{ options: 
   { consumer_key: 'E78MKUhIQbnzEHQY4qIecA',
     consumer_secret: 'R6q7I6utFY3U6nOSEdr5IWzYoW1PFawSL0chZnZNkw',
     access_token_key: '892607503-V9ydgmAqEYgKf97L3tevCt0DKquL5oUv1tUKxNlJ',
     access_token_secret: 'HL30PhBWNea8RpvcziPYBvaehMMaBuLjEkck3LQL1E',
     headers: 
      { Accept: '*/*',
        Connection: 'close',
        'User-Agent': 'node-twitter/0.1.18' },
     request_token_url: 'https://api.twitter.com/oauth/request_token',
     access_token_url: 'https://api.twitter.com/oauth/access_token',
     authenticate_url: 'https://api.twitter.com/oauth/authenticate',
     authorize_url: 'https://api.twitter.com/oauth/authorize',
     callback_url: null,
     rest_base: 'https://api.twitter.com/1',
     search_base: 'https://search.twitter.com',
     stream_base: 'https://stream.twitter.com/1',
     user_stream_base: 'https://userstream.twitter.com/2',
     site_stream_base: 'https://sitestream.twitter.com/2b',
     secure: false,
     cookie: 'twauth',
     cookie_options: {},
     cookie_secret: null },
  keygrip: null,
  oauth: 
   { _isEcho: false,
     _requestUrl: 'https://api.twitter.com/oauth/request_token',
     _accessUrl: 'https://api.twitter.com/oauth/access_token',
     _consumerKey: 'E78MKUhIQbnzEHQY4qIecA',
     _consumerSecret: 'R6q7I6utFY3U6nOSEdr5IWzYoW1PFawSL0chZnZNkw',
     _version: '1.0A',
     _authorize_callback: null,
     _signatureMethod: 'HMAC-SHA1',
     _nonceSize: 32,
     _headers: 
      { Accept: '*/*',
        Connection: 'close',
        'User-Agent': 'node-twitter/0.1.18' },
     _defaultClientOptions: 
      { requestTokenHttpMethod: 'POST',
        accessTokenHttpMethod: 'POST' },
     _clientOptions: 
      { requestTokenHttpMethod: 'POST',
        accessTokenHttpMethod: 'POST' },
     _oauthParameterSeperator: ',' } }
{"apiVersion":"2.1","data":{"id":"SvksV-uyM28","uploaded":"2013-03-05T08:00:43.000Z","updated":"2013-06-11T01:32:33.000Z","uploader":"mattmemphis","category":"Music","title":"The Phoenix Foundation - The Captain","description":"Song: The Captain \nArtist:  The Phoenix Foundation\nLabel: Memphis Industries\n\nDirected by Luke Savage\nWith Support from NZ On Air\n\nFrom the album Fandango - order from www.thephoenixfoundation.co.nz\n\n(p) and (c) Memphis Industries Ltd 2013 under licence from The Phoenix Foundation\nwww.memphis-industries.com","thumbnail":{"sqDefault":"https://i.ytimg.com/vi/SvksV-uyM28/default.jpg","hqDefault":"https://i.ytimg.com/vi/SvksV-uyM28/hqdefault.jpg"},"player":{"default":"https://www.youtube.com/watch?v=SvksV-uyM28&feature=youtube_gdata_player","mobile":"https://m.youtube.com/details?v=SvksV-uyM28"},"content":{"5":"https://www.youtube.com/v/SvksV-uyM28?version=3&f=videos&d=AaW2VJBXNLulBQ113AMGgw0O88HsQjpE1a8d1GxQnGDm&app=youtube_gdata","1":"rtsp://v4.cache2.c.youtube.com/CkULENy73wIaPAlvM7LrVyz5ShMYDSANFEgGUgZ2aWRlb3NyIQGltlSQVzS7pQUNddwDBoMNDvPB7EI6RNWvHdRsUJxg5gw=/0/0/0/video.3gp","6":"rtsp://v4.cache2.c.youtube.com/CkULENy73wIaPAlvM7LrVyz5ShMYESARFEgGUgZ2aWRlb3NyIQGltlSQVzS7pQUNddwDBoMNDvPB7EI6RNWvHdRsUJxg5gw=/0/0/0/video.3gp"},"duration":214,"aspectRatio":"widescreen","rating":4.97546,"likeCount":"162","ratingCount":163,"viewCount":17464,"favoriteCount":0,"commentCount":12,"restrictions":[{"type":"country","relationship":"deny","countries":"DE"}],"accessControl":{"comment":"allowed","commentVote":"allowed","videoRespond":"moderated","rate":"allowed","embed":"allowed","list":"allowed","autoPlay":"allowed","syndicate":"allowed"}}}
{ thumbnail: 'https://i.ytimg.com/vi/SvksV-uyM28/default.jpg',
  video_id: 'SvksV-uyM28',
  duration: 214,
  t: 'youtube',
  desc: 'Song: The Captain \nArtist:  The Phoenix Foundation\nLabel: Memphis Industries\n\nDirected by Luke Savage\nWith Support from NZ On Air\n\nFrom the album Fandango - order from www.thephoenixfoundation.co.nz\n\n(p) and (c) Memphis Industries Ltd 2013 under licence from The Phoenix Foundation\nwww.memphis-industries.com',
  author: 'mattmemphis',
  poster: 'https://i.ytimg.com/vi/SvksV-uyM28/hqdefault.jpg',
  published: '2013-03-05T08:00:43.000Z',
  title: 'The Phoenix Foundation - The Captain' }
--->Stream data: {"friends":[500042487,158414847,234907934,15407095,15350865,1183041,8612,10228272,14520985,14073993,16825289,11517,14339231,74783,501853290,15202845,14321959,50653396,133005951,14323985,75974281,18619979,180505807]}
